#
# There is insufficient memory for the Java Runtime Environment to continue.
# Native memory allocation (malloc) failed to allocate 86480 bytes for Chunk::new
# Possible reasons:
#   The system is out of physical RAM or swap space
#   In 32 bit mode, the process size limit was hit
# Possible solutions:
#   Reduce memory load on the system
#   Increase physical memory or swap space
#   Check if swap backing store is full
#   Use 64 bit Java on a 64 bit OS
#   Decrease Java heap size (-Xmx/-Xms)
#   Decrease number of Java threads
#   Decrease Java thread stack sizes (-Xss)
#   Set larger code cache with -XX:ReservedCodeCacheSize=
# This output file may be truncated or incomplete.
#
#  Out of Memory Error (allocation.cpp:390), pid=36444, tid=0x000000000000a09c
#
# JRE version: Java(TM) SE Runtime Environment (8.0_111-b14) (build 1.8.0_111-b14)
# Java VM: Java HotSpot(TM) 64-Bit Server VM (25.111-b14 mixed mode windows-amd64 compressed oops)
# Failed to write core dump. Minidumps are not enabled by default on client versions of Windows
#

---------------  T H R E A D  ---------------

Current thread (0x00000000199df800):  JavaThread "C2 CompilerThread0" daemon [_thread_in_native, id=41116, stack(0x000000001b030000,0x000000001b130000)]

Stack: [0x000000001b030000,0x000000001b130000]
[error occurred during error reporting (printing stack bounds), id 0xc0000005]

Native frames: (J=compiled Java code, j=interpreted, Vv=VM code, C=native code)


Current CompileTask:
C2:  21268  995   !   4       java.util.concurrent.ConcurrentHashMap::putVal (362 bytes)


---------------  P R O C E S S  ---------------

Java Threads: ( => current thread )
  0x000000001b496000 JavaThread "pool-1-thread-1" [_thread_blocked, id=42064, stack(0x000000001cc70000,0x000000001cd70000)]
  0x000000001bc20000 JavaThread "MySQL Statement Cancellation Timer" daemon [_thread_blocked, id=42040, stack(0x000000001c530000,0x000000001c630000)]
  0x000000001b136000 JavaThread "Service Thread" daemon [_thread_blocked, id=41996, stack(0x000000001b730000,0x000000001b830000)]
  0x0000000019a3e800 JavaThread "C1 CompilerThread2" daemon [_thread_blocked, id=41992, stack(0x000000001b630000,0x000000001b730000)]
  0x0000000019a3d800 JavaThread "C2 CompilerThread1" daemon [_thread_blocked, id=41988, stack(0x000000001b530000,0x000000001b630000)]
=>0x00000000199df800 JavaThread "C2 CompilerThread0" daemon [_thread_in_native, id=41116, stack(0x000000001b030000,0x000000001b130000)]
  0x00000000199de000 JavaThread "Attach Listener" daemon [_thread_blocked, id=14544, stack(0x000000001af30000,0x000000001b030000)]
  0x00000000199dc800 JavaThread "Signal Dispatcher" daemon [_thread_blocked, id=41156, stack(0x000000001ae30000,0x000000001af30000)]
  0x0000000004e8b000 JavaThread "Finalizer" daemon [_thread_blocked, id=41396, stack(0x000000001ac30000,0x000000001ad30000)]
  0x0000000004e82000 JavaThread "Reference Handler" daemon [_thread_blocked, id=33988, stack(0x000000001ab30000,0x000000001ac30000)]
  0x0000000004d92800 JavaThread "main" [_thread_in_native, id=39232, stack(0x0000000004b90000,0x0000000004c90000)]

Other Threads:
  0x00000000199a7000 VMThread [stack: 0x000000001aa30000,0x000000001ab30000] [id=37724]
  0x000000001b162800 WatcherThread [stack: 0x000000001b830000,0x000000001b930000] [id=42000]

VM state:not at safepoint (normal execution)

VM Mutex/Monitor currently owned by a thread: None

Heap:
 PSYoungGen      total 38400K, used 33719K [0x00000000d5d80000, 0x00000000d8800000, 0x0000000100000000)
  eden space 33280K, 91% used [0x00000000d5d80000,0x00000000d7b28348,0x00000000d7e00000)
  from space 5120K, 65% used [0x00000000d7e00000,0x00000000d8145b10,0x00000000d8300000)
  to   space 5120K, 0% used [0x00000000d8300000,0x00000000d8300000,0x00000000d8800000)
 ParOldGen       total 87552K, used 80K [0x0000000081800000, 0x0000000086d80000, 0x00000000d5d80000)
  object space 87552K, 0% used [0x0000000081800000,0x0000000081814010,0x0000000086d80000)
 Metaspace       used 17932K, capacity 18154K, committed 18304K, reserved 1064960K
  class space    used 2341K, capacity 2397K, committed 2432K, reserved 1048576K

Card table byte_map: [0x0000000014250000,0x0000000014650000] byte_map_base: 0x0000000013e44000

Marking Bits: (ParMarkBitMap*) 0x000000005aafa6c0
 Begin Bits: [0x0000000014d00000, 0x0000000016ca0000)
 End Bits:   [0x0000000016ca0000, 0x0000000018c40000)

Polling page: 0x00000000033a0000

CodeCache: size=245760Kb used=3675Kb max_used=3686Kb free=242084Kb
 bounds [0x0000000004e90000, 0x0000000005230000, 0x0000000013e90000]
 total_blobs=1428 nmethods=995 adapters=346
 compilation: enabled

Compilation events (10 events):
Event: 21.064 Thread 0x0000000019a3e800  991       3       java.util.logging.LogManager$LoggerWeakRef::<init> (28 bytes)
Event: 21.065 Thread 0x0000000019a3e800 nmethod 991 0x0000000005222750 code [0x00000000052228c0, 0x0000000005222cb0]
Event: 21.070 Thread 0x0000000019a3e800  992       3       org.hibernate.service.internal.ConcurrentServiceBinding$Node::get (72 bytes)
Event: 21.070 Thread 0x0000000019a3e800 nmethod 992 0x00000000052274d0 code [0x0000000005227660, 0x0000000005227ab8]
Event: 21.072 Thread 0x0000000019a3d800 nmethod 990 0x0000000005228d90 code [0x0000000005228f20, 0x0000000005229478]
Event: 21.072 Thread 0x0000000019a3e800  993       3       java.lang.Class$MethodArray::addIfNotPresent (47 bytes)
Event: 21.073 Thread 0x0000000019a3e800 nmethod 993 0x0000000005228650 code [0x00000000052287e0, 0x0000000005228bd8]
Event: 21.073 Thread 0x0000000019a3e800  994       3       java.util.TreeMap::rotateRight (96 bytes)
Event: 21.073 Thread 0x0000000019a3e800 nmethod 994 0x0000000005228090 code [0x0000000005228200, 0x0000000005228550]
Event: 21.073 Thread 0x00000000199df800  995   !   4       java.util.concurrent.ConcurrentHashMap::putVal (362 bytes)

GC Heap History (2 events):
Event: 1.683 GC heap before
{Heap before GC invocations=1 (full 0):
 PSYoungGen      total 38400K, used 33280K [0x00000000d5d80000, 0x00000000d8800000, 0x0000000100000000)
  eden space 33280K, 100% used [0x00000000d5d80000,0x00000000d7e00000,0x00000000d7e00000)
  from space 5120K, 0% used [0x00000000d8300000,0x00000000d8300000,0x00000000d8800000)
  to   space 5120K, 0% used [0x00000000d7e00000,0x00000000d7e00000,0x00000000d8300000)
 ParOldGen       total 87552K, used 0K [0x0000000081800000, 0x0000000086d80000, 0x00000000d5d80000)
  object space 87552K, 0% used [0x0000000081800000,0x0000000081800000,0x0000000086d80000)
 Metaspace       used 8868K, capacity 9054K, committed 9216K, reserved 1056768K
  class space    used 1122K, capacity 1179K, committed 1280K, reserved 1048576K
Event: 1.687 GC heap after
Heap after GC invocations=1 (full 0):
 PSYoungGen      total 38400K, used 3350K [0x00000000d5d80000, 0x00000000d8800000, 0x0000000100000000)
  eden space 33280K, 0% used [0x00000000d5d80000,0x00000000d5d80000,0x00000000d7e00000)
  from space 5120K, 65% used [0x00000000d7e00000,0x00000000d8145b10,0x00000000d8300000)
  to   space 5120K, 0% used [0x00000000d8300000,0x00000000d8300000,0x00000000d8800000)
 ParOldGen       total 87552K, used 80K [0x0000000081800000, 0x0000000086d80000, 0x00000000d5d80000)
  object space 87552K, 0% used [0x0000000081800000,0x0000000081814010,0x0000000086d80000)
 Metaspace       used 8868K, capacity 9054K, committed 9216K, reserved 1056768K
  class space    used 1122K, capacity 1179K, committed 1280K, reserved 1048576K
}

Deoptimization events (10 events):
Event: 0.967 Thread 0x0000000004d92800 Uncommon trap: reason=unstable_if action=reinterpret pc=0x000000000509c684 method=java.util.HashMap.getNode(ILjava/lang/Object;)Ljava/util/HashMap$Node; @ 129
Event: 0.991 Thread 0x0000000004d92800 Uncommon trap: reason=unstable_if action=reinterpret pc=0x000000000509f3b4 method=java.util.HashMap.getNode(ILjava/lang/Object;)Ljava/util/HashMap$Node; @ 129
Event: 1.240 Thread 0x0000000004d92800 Uncommon trap: reason=range_check action=make_not_entrant pc=0x000000000509cc20 method=sun.reflect.generics.parser.SignatureParser.current()C @ 34
Event: 1.652 Thread 0x0000000004d92800 Uncommon trap: reason=unstable_if action=reinterpret pc=0x00000000050b65a8 method=sun.misc.URLClassPath$JarLoader.ensureOpen()V @ 4
Event: 1.768 Thread 0x0000000004d92800 Uncommon trap: reason=unstable_if action=reinterpret pc=0x00000000050a6c58 method=java.lang.AbstractStringBuilder.append(Ljava/lang/String;)Ljava/lang/AbstractStringBuilder; @ 1
Event: 4.841 Thread 0x0000000004d92800 Uncommon trap: reason=unstable_if action=reinterpret pc=0x0000000005061a5c method=java.lang.AbstractStringBuilder.append(Ljava/lang/String;)Ljava/lang/AbstractStringBuilder; @ 1
Event: 5.186 Thread 0x0000000004d92800 Uncommon trap: reason=unstable_if action=reinterpret pc=0x00000000050d59fc method=java.lang.CharacterDataLatin1.isWhitespace(I)Z @ 14
Event: 6.693 Thread 0x0000000004d92800 Uncommon trap: reason=predicate action=maybe_recompile pc=0x000000000515c998 method=sun.net.www.ParseUtil.encodePath(Ljava/lang/String;Z)Ljava/lang/String; @ 36
Event: 12.516 Thread 0x0000000004d92800 Uncommon trap: reason=bimorphic action=maybe_recompile pc=0x00000000051a5a4c method=java.util.HashMap.putVal(ILjava/lang/Object;Ljava/lang/Object;ZZ)Ljava/lang/Object; @ 203
Event: 14.420 Thread 0x0000000004d92800 Uncommon trap: reason=unstable_if action=reinterpret pc=0x0000000005150360 method=java.io.WinNTFileSystem.normalize(Ljava/lang/String;)Ljava/lang/String; @ 128

Internal exceptions (10 events):
Event: 4.966 Thread 0x0000000004d92800 Exception <a 'java/security/PrivilegedActionException'> (0x00000000d658cee0) thrown at [C:\re\workspace\8-2-build-windows-amd64-cygwin\jdk8u111\7883\hotspot\src\share\vm\prims\jvm.cpp, line 1386]
Event: 4.966 Thread 0x0000000004d92800 Exception <a 'java/security/PrivilegedActionException'> (0x00000000d658d2d8) thrown at [C:\re\workspace\8-2-build-windows-amd64-cygwin\jdk8u111\7883\hotspot\src\share\vm\prims\jvm.cpp, line 1386]
Event: 4.966 Thread 0x0000000004d92800 Exception <a 'java/security/PrivilegedActionException'> (0x00000000d6591398) thrown at [C:\re\workspace\8-2-build-windows-amd64-cygwin\jdk8u111\7883\hotspot\src\share\vm\prims\jvm.cpp, line 1386]
Event: 4.966 Thread 0x0000000004d92800 Exception <a 'java/security/PrivilegedActionException'> (0x00000000d6591790) thrown at [C:\re\workspace\8-2-build-windows-amd64-cygwin\jdk8u111\7883\hotspot\src\share\vm\prims\jvm.cpp, line 1386]
Event: 4.966 Thread 0x0000000004d92800 Exception <a 'java/security/PrivilegedActionException'> (0x00000000d65959e0) thrown at [C:\re\workspace\8-2-build-windows-amd64-cygwin\jdk8u111\7883\hotspot\src\share\vm\prims\jvm.cpp, line 1386]
Event: 4.966 Thread 0x0000000004d92800 Exception <a 'java/security/PrivilegedActionException'> (0x00000000d6595dd8) thrown at [C:\re\workspace\8-2-build-windows-amd64-cygwin\jdk8u111\7883\hotspot\src\share\vm\prims\jvm.cpp, line 1386]
Event: 4.967 Thread 0x0000000004d92800 Exception <a 'java/security/PrivilegedActionException'> (0x00000000d6599f08) thrown at [C:\re\workspace\8-2-build-windows-amd64-cygwin\jdk8u111\7883\hotspot\src\share\vm\prims\jvm.cpp, line 1386]
Event: 4.967 Thread 0x0000000004d92800 Exception <a 'java/security/PrivilegedActionException'> (0x00000000d659a300) thrown at [C:\re\workspace\8-2-build-windows-amd64-cygwin\jdk8u111\7883\hotspot\src\share\vm\prims\jvm.cpp, line 1386]
Event: 13.121 Thread 0x0000000004d92800 Exception <a 'java/lang/AbstractMethodError': com.mysql.jdbc.JDBC4Connection.getSchema()Ljava/lang/String;> (0x00000000d6bccdf8) thrown at [C:\re\workspace\8-2-build-windows-amd64-cygwin\jdk8u111\7883\hotspot\src\share\vm\interpreter\linkResolver.cpp, lin
Event: 13.121 Thread 0x0000000004d92800 Exception <a 'java/lang/reflect/InvocationTargetException'> (0x00000000d6bcd000) thrown at [C:\re\workspace\8-2-build-windows-amd64-cygwin\jdk8u111\7883\hotspot\src\share\vm\runtime\reflection.cpp, line 954]

Events (10 events):
Event: 21.071 loading class org/hibernate/internal/CoreMessageLogger_$logger_pt
Event: 21.071 loading class org/hibernate/internal/CoreMessageLogger_$logger_pt done
Event: 21.072 loading class org/hibernate/cache/spi/UpdateTimestampsCache
Event: 21.072 loading class org/hibernate/cache/spi/UpdateTimestampsCache done
Event: 21.072 loading class org/hibernate/dialect/function/SQLFunctionRegistry
Event: 21.072 loading class org/hibernate/dialect/function/SQLFunctionRegistry done
Event: 21.073 loading class org/hibernate/internal/TypeLocatorImpl
Event: 21.073 loading class org/hibernate/internal/TypeLocatorImpl done
Event: 21.074 loading class org/hibernate/engine/query/spi/QueryPlanCache
Event: 21.074 loading class org/hibernate/engine/query/spi/QueryPlanCache done


Dynamic libraries:
0x00007ff69b200000 - 0x00007ff69b237000 	C:\Program Files\Java\jdk1.8.0_111\bin\javaw.exe
0x00007ffeeb1c0000 - 0x00007ffeeb3a0000 	C:\WINDOWS\SYSTEM32\ntdll.dll
0x00007ffee87e0000 - 0x00007ffee888e000 	C:\WINDOWS\System32\KERNEL32.DLL
0x00007ffee8000000 - 0x00007ffee8266000 	C:\WINDOWS\System32\KERNELBASE.dll
0x00007ffee9070000 - 0x00007ffee9111000 	C:\WINDOWS\System32\ADVAPI32.dll
0x00007ffeea9b0000 - 0x00007ffeeaa4d000 	C:\WINDOWS\System32\msvcrt.dll
0x00007ffee8fd0000 - 0x00007ffee902b000 	C:\WINDOWS\System32\sechost.dll
0x00007ffeeabf0000 - 0x00007ffeead0f000 	C:\WINDOWS\System32\RPCRT4.dll
0x00007ffee8950000 - 0x00007ffee8adf000 	C:\WINDOWS\System32\USER32.dll
0x00007ffee8270000 - 0x00007ffee8290000 	C:\WINDOWS\System32\win32u.dll
0x00007ffee9030000 - 0x00007ffee9058000 	C:\WINDOWS\System32\GDI32.dll
0x00007ffee7e60000 - 0x00007ffee7ff3000 	C:\WINDOWS\System32\gdi32full.dll
0x00007ffee7d10000 - 0x00007ffee7dab000 	C:\WINDOWS\System32\msvcp_win.dll
0x00007ffee83c0000 - 0x00007ffee84b6000 	C:\WINDOWS\System32\ucrtbase.dll
0x00007ffedfee0000 - 0x00007ffee0149000 	C:\WINDOWS\WinSxS\amd64_microsoft.windows.common-controls_6595b64144ccf1df_6.0.16299.309_none_15cfd4c4935e6b11\COMCTL32.dll
0x00007ffee8cc0000 - 0x00007ffee8fc8000 	C:\WINDOWS\System32\combase.dll
0x00007ffee8290000 - 0x00007ffee8302000 	C:\WINDOWS\System32\bcryptPrimitives.dll
0x00007ffeeaf90000 - 0x00007ffeeafbd000 	C:\WINDOWS\System32\IMM32.DLL
0x000000005ab80000 - 0x000000005ac52000 	C:\Program Files\Java\jdk1.8.0_111\jre\bin\msvcr100.dll
0x000000005a2e0000 - 0x000000005ab7a000 	C:\Program Files\Java\jdk1.8.0_111\jre\bin\server\jvm.dll
0x00007ffee8890000 - 0x00007ffee8898000 	C:\WINDOWS\System32\PSAPI.DLL
0x00007ffed6c30000 - 0x00007ffed6c39000 	C:\WINDOWS\SYSTEM32\WSOCK32.dll
0x00007ffeeb020000 - 0x00007ffeeb08c000 	C:\WINDOWS\System32\WS2_32.dll
0x00007ffee4c40000 - 0x00007ffee4c63000 	C:\WINDOWS\SYSTEM32\WINMM.dll
0x00007ffee2930000 - 0x00007ffee293a000 	C:\WINDOWS\SYSTEM32\VERSION.dll
0x00007ffee4c10000 - 0x00007ffee4c3a000 	C:\WINDOWS\SYSTEM32\WINMMBASE.dll
0x00007ffee7db0000 - 0x00007ffee7dfa000 	C:\WINDOWS\System32\cfgmgr32.dll
0x000000005d090000 - 0x000000005d09f000 	C:\Program Files\Java\jdk1.8.0_111\jre\bin\verify.dll
0x000000005d060000 - 0x000000005d089000 	C:\Program Files\Java\jdk1.8.0_111\jre\bin\java.dll
0x000000005ce20000 - 0x000000005ce36000 	C:\Program Files\Java\jdk1.8.0_111\jre\bin\zip.dll
0x00007ffee9570000 - 0x00007ffeea9a6000 	C:\WINDOWS\System32\SHELL32.dll
0x00007ffee88a0000 - 0x00007ffee8946000 	C:\WINDOWS\System32\shcore.dll
0x00007ffee75c0000 - 0x00007ffee7d07000 	C:\WINDOWS\System32\windows.storage.dll
0x00007ffeeb130000 - 0x00007ffeeb181000 	C:\WINDOWS\System32\shlwapi.dll
0x00007ffee7530000 - 0x00007ffee7541000 	C:\WINDOWS\System32\kernel.appcore.dll
0x00007ffee7570000 - 0x00007ffee75bc000 	C:\WINDOWS\System32\powrprof.dll
0x00007ffee7550000 - 0x00007ffee756b000 	C:\WINDOWS\System32\profapi.dll
0x000000005ce00000 - 0x000000005ce1a000 	C:\Program Files\Java\jdk1.8.0_111\jre\bin\net.dll
0x00007ffee6da0000 - 0x00007ffee6e06000 	C:\WINDOWS\system32\mswsock.dll
0x00007ffee6b70000 - 0x00007ffee6c26000 	C:\WINDOWS\SYSTEM32\DNSAPI.dll
0x00007ffee8ae0000 - 0x00007ffee8ae8000 	C:\WINDOWS\System32\NSI.dll
0x00007ffee6b30000 - 0x00007ffee6b69000 	C:\WINDOWS\SYSTEM32\IPHLPAPI.DLL
0x00007ffede050000 - 0x00007ffede05a000 	C:\Windows\System32\rasadhlp.dll
0x00007ffee05f0000 - 0x00007ffee0660000 	C:\WINDOWS\System32\fwpuclnt.dll
0x00007ffee7070000 - 0x00007ffee7095000 	C:\WINDOWS\SYSTEM32\bcrypt.dll
0x00007ffee6f60000 - 0x00007ffee6f77000 	C:\WINDOWS\SYSTEM32\CRYPTSP.dll
0x00007ffee69a0000 - 0x00007ffee69d3000 	C:\WINDOWS\system32\rsaenh.dll
0x00007ffee7440000 - 0x00007ffee7469000 	C:\WINDOWS\SYSTEM32\USERENV.dll
0x00007ffee6f80000 - 0x00007ffee6f8b000 	C:\WINDOWS\SYSTEM32\CRYPTBASE.dll
0x00007ffedfe90000 - 0x00007ffedfea6000 	C:\WINDOWS\SYSTEM32\dhcpcsvc6.DLL
0x00007ffee10a0000 - 0x00007ffee10ba000 	C:\WINDOWS\SYSTEM32\dhcpcsvc.DLL
0x000000005cde0000 - 0x000000005cdf1000 	C:\Program Files\Java\jdk1.8.0_111\jre\bin\nio.dll

VM Arguments:
jvm_args: -Dfile.encoding=UTF-8 
java_command: com.ef.parser.App --help=ttttt --startDate=2017-01-01.00:00:01 --threshold=32 --duration=hourly --accesslog=C:\Users\User\Desktop\access2.log
java_class_path (initial): C:\Users\User\workspace\parser\target\classes;C:\Users\User\.m2\repository\commons-lang\commons-lang\2.6\commons-lang-2.6.jar;C:\Users\User\.m2\repository\org\hibernate\hibernate-core\5.1.11.Final\hibernate-core-5.1.11.Final.jar;C:\Users\User\.m2\repository\org\jboss\logging\jboss-logging\3.3.0.Final\jboss-logging-3.3.0.Final.jar;C:\Users\User\.m2\repository\org\hibernate\javax\persistence\hibernate-jpa-2.1-api\1.0.0.Final\hibernate-jpa-2.1-api-1.0.0.Final.jar;C:\Users\User\.m2\repository\org\javassist\javassist\3.20.0-GA\javassist-3.20.0-GA.jar;C:\Users\User\.m2\repository\antlr\antlr\2.7.7\antlr-2.7.7.jar;C:\Users\User\.m2\repository\org\apache\geronimo\specs\geronimo-jta_1.1_spec\1.1.1\geronimo-jta_1.1_spec-1.1.1.jar;C:\Users\User\.m2\repository\org\jboss\jandex\2.0.3.Final\jandex-2.0.3.Final.jar;C:\Users\User\.m2\repository\com\fasterxml\classmate\1.3.0\classmate-1.3.0.jar;C:\Users\User\.m2\repository\dom4j\dom4j\1.6.1\dom4j-1.6.1.jar;C:\Users\User\.m2\repository\xml-apis\xml-apis\1.0.b2\xml-apis-1.0.b2.jar;C:\Users\User\.m2\repository\org\hibernate\common\hibernate-commons-annotations\5.0.1.Final\hibernate-commons-annotations-5.0.1.Final.jar;C:\Users\User\.m2\repository\mysql\mysql-connector-java\5.1.6\mysql-connector-java-5.1.6.jar
Launcher Type: SUN_STANDARD

Environment Variables:
JAVA_HOME=C:\Program Files\Java\jdk1.8.0_111
JRE_HOME=C:\Program Files\Java\jre1.8.0_141
USERNAME=User
OS=Windows_NT
PROCESSOR_IDENTIFIER=Intel64 Family 6 Model 61 Stepping 4, GenuineIntel



---------------  S Y S T E M  ---------------

OS: Windows 10.0 , 64 bit Build 16299 (10.0.16299.15)

CPU:total 4 (2 cores per cpu, 2 threads per core) family 6 model 61 stepping 4, cmov, cx8, fxsr, mmx, sse, sse2, sse3, ssse3, sse4.1, sse4.2, popcnt, avx, avx2, aes, clmul, erms, 3dnowpref, lzcnt, ht, tsc, tscinvbit, bmi1, bmi2, adx

Memory: 4k page, physical 8284904k(407544k free), swap 33450728k(1748k free)

vm_info: Java HotSpot(TM) 64-Bit Server VM (25.111-b14) for windows-amd64 JRE (1.8.0_111-b14), built on Sep 22 2016 19:24:05 by "java_re" with MS VC++ 10.0 (VS2010)

time: Sun Apr 08 13:40:42 2018
elapsed time: 21 seconds (0d 0h 0m 21s)

